# JRE version: OpenJDK Runtime Environment (11.0.12+7) (build 11.0.12+7-b1504.28-7817840)
# Java VM: OpenJDK 64-Bit Server VM (11.0.12+7-b1504.28-7817840, mixed mode, tiered, compressed oops, g1 gc, windows-amd64)
Heap:
 garbage-first heap   total 260096K, used 185226K [0x0000000080000000, 0x0000000100000000)
  region size 1024K, 95 young (97280K), 9 survivors (9216K)
 Metaspace       used 91353K, capacity 93726K, committed 94080K, reserved 1130496K
  class space    used 11931K, capacity 12805K, committed 12928K, reserved 1048576K
GC Heap History (20 events):
Event: 6.067 GC heap before
{Heap before GC invocations=6 (full 0):
 garbage-first heap   total 260096K, used 54991K [0x0000000080000000, 0x0000000100000000)
  region size 1024K, 39 young (39936K), 4 survivors (4096K)
 Metaspace       used 34903K, capacity 35718K, committed 35840K, reserved 1081344K
  class space    used 4532K, capacity 4839K, committed 4864K, reserved 1048576K
}
Event: 6.083 GC heap after
{Heap after GC invocations=7 (full 0):
 garbage-first heap   total 260096K, used 22669K [0x0000000080000000, 0x0000000100000000)
  region size 1024K, 6 young (6144K), 6 survivors (6144K)
 Metaspace       used 34903K, capacity 35718K, committed 35840K, reserved 1081344K
  class space    used 4532K, capacity 4839K, committed 4864K, reserved 1048576K
}
Event: 8.267 GC heap before
{Heap before GC invocations=8 (full 0):
 garbage-first heap   total 260096K, used 134285K [0x0000000080000000, 0x0000000100000000)
  region size 1024K, 112 young (114688K), 6 survivors (6144K)
 Metaspace       used 44282K, capacity 45270K, committed 45568K, reserved 1089536K
  class space    used 5666K, capacity 6047K, committed 6144K, reserved 1048576K
}
Event: 8.284 GC heap after
{Heap after GC invocations=9 (full 0):
 garbage-first heap   total 260096K, used 30030K [0x0000000080000000, 0x0000000100000000)
  region size 1024K, 13 young (13312K), 13 survivors (13312K)
 Metaspace       used 44282K, capacity 45270K, committed 45568K, reserved 1089536K
  class space    used 5666K, capacity 6047K, committed 6144K, reserved 1048576K
}
Event: 11.415 GC heap before
{Heap before GC invocations=9 (full 0):
 garbage-first heap   total 260096K, used 158030K [0x0000000080000000, 0x0000000100000000)
  region size 1024K, 131 young (134144K), 13 survivors (13312K)
 Metaspace       used 49852K, capacity 51166K, committed 51456K, reserved 1093632K
  class space    used 6385K, capacity 6865K, committed 6912K, reserved 1048576K
}
Event: 11.440 GC heap after
{Heap after GC invocations=10 (full 0):
 garbage-first heap   total 260096K, used 50701K [0x0000000080000000, 0x0000000100000000)
  region size 1024K, 17 young (17408K), 17 survivors (17408K)
 Metaspace       used 49852K, capacity 51166K, committed 51456K, reserved 1093632K
  class space    used 6385K, capacity 6865K, committed 6912K, reserved 1048576K
}
Event: 12.976 GC heap before
{Heap before GC invocations=10 (full 0):
 garbage-first heap   total 260096K, used 112141K [0x0000000080000000, 0x0000000100000000)
  region size 1024K, 78 young (79872K), 17 survivors (17408K)
 Metaspace       used 58416K, capacity 59835K, committed 59948K, reserved 1101824K
  class space    used 7447K, capacity 8002K, committed 8064K, reserved 1048576K
}
Event: 13.029 GC heap after
{Heap after GC invocations=11 (full 0):
 garbage-first heap   total 260096K, used 54047K [0x0000000080000000, 0x0000000100000000)
  region size 1024K, 3 young (3072K), 3 survivors (3072K)
 Metaspace       used 58416K, capacity 59835K, committed 59948K, reserved 1101824K
  class space    used 7447K, capacity 8002K, committed 8064K, reserved 1048576K
}
Event: 15.579 GC heap before
{Heap before GC invocations=12 (full 0):
 garbage-first heap   total 260096K, used 157471K [0x0000000080000000, 0x0000000100000000)
  region size 1024K, 104 young (106496K), 3 survivors (3072K)
 Metaspace       used 67930K, capacity 69481K, committed 69632K, reserved 1110016K
  class space    used 8638K, capacity 9196K, committed 9216K, reserved 1048576K
}
Event: 15.596 GC heap after
{Heap after GC invocations=13 (full 0):
 garbage-first heap   total 260096K, used 60548K [0x0000000080000000, 0x0000000100000000)
  region size 1024K, 10 young (10240K), 10 survivors (10240K)
 Metaspace       used 67930K, capacity 69481K, committed 69632K, reserved 1110016K
  class space    used 8638K, capacity 9196K, committed 9216K, reserved 1048576K
}
Event: 17.711 GC heap before
{Heap before GC invocations=14 (full 0):
 garbage-first heap   total 260096K, used 166020K [0x0000000080000000, 0x0000000100000000)
  region size 1024K, 113 young (115712K), 10 survivors (10240K)
 Metaspace       used 74483K, capacity 76213K, committed 76416K, reserved 1116160K
  class space    used 9662K, capacity 10257K, committed 10368K, reserved 1048576K
}
Event: 17.730 GC heap after
{Heap after GC invocations=15 (full 0):
 garbage-first heap   total 260096K, used 68005K [0x0000000080000000, 0x0000000100000000)
  region size 1024K, 15 young (15360K), 15 survivors (15360K)
 Metaspace       used 74483K, capacity 76213K, committed 76416K, reserved 1116160K
  class space    used 9662K, capacity 10257K, committed 10368K, reserved 1048576K
}
Event: 19.704 GC heap before
{Heap before GC invocations=15 (full 0):
 garbage-first heap   total 260096K, used 175525K [0x0000000080000000, 0x0000000100000000)
  region size 1024K, 120 young (122880K), 15 survivors (15360K)
 Metaspace       used 83149K, capacity 85017K, committed 85376K, reserved 1122304K
  class space    used 10834K, capacity 11542K, committed 11648K, reserved 1048576K
}
Event: 19.722 GC heap after
{Heap after GC invocations=16 (full 0):
 garbage-first heap   total 260096K, used 75272K [0x0000000080000000, 0x0000000100000000)
  region size 1024K, 15 young (15360K), 15 survivors (15360K)
 Metaspace       used 83149K, capacity 85017K, committed 85376K, reserved 1122304K
  class space    used 10834K, capacity 11542K, committed 11648K, reserved 1048576K
}
Event: 21.459 GC heap before
{Heap before GC invocations=16 (full 0):
 garbage-first heap   total 260096K, used 182792K [0x0000000080000000, 0x0000000100000000)
  region size 1024K, 121 young (123904K), 15 survivors (15360K)
 Metaspace       used 87306K, capacity 89580K, committed 89600K, reserved 1126400K
  class space    used 11430K, capacity 12275K, committed 12288K, reserved 1048576K
}
Event: 21.487 GC heap after
{Heap after GC invocations=17 (full 0):
 garbage-first heap   total 260096K, used 84992K [0x0000000080000000, 0x0000000100000000)
  region size 1024K, 16 young (16384K), 16 survivors (16384K)
 Metaspace       used 87306K, capacity 89580K, committed 89600K, reserved 1126400K
  class space    used 11430K, capacity 12275K, committed 12288K, reserved 1048576K
}
Event: 22.457 GC heap before
{Heap before GC invocations=17 (full 0):
 garbage-first heap   total 260096K, used 189440K [0x0000000080000000, 0x0000000100000000)
  region size 1024K, 119 young (121856K), 16 survivors (16384K)
 Metaspace       used 87900K, capacity 90118K, committed 90240K, reserved 1126400K
  class space    used 11460K, capacity 12300K, committed 12416K, reserved 1048576K
}
Event: 22.485 GC heap after
{Heap after GC invocations=18 (full 0):
 garbage-first heap   total 260096K, used 92522K [0x0000000080000000, 0x0000000100000000)
  region size 1024K, 9 young (9216K), 9 survivors (9216K)
 Metaspace       used 87900K, capacity 90118K, committed 90240K, reserved 1126400K
  class space    used 11460K, capacity 12300K, committed 12416K, reserved 1048576K
}
Event: 23.081 GC heap before
{Heap before GC invocations=18 (full 0):
 garbage-first heap   total 260096K, used 194922K [0x0000000080000000, 0x0000000100000000)
  region size 1024K, 110 young (112640K), 9 survivors (9216K)
 Metaspace       used 88249K, capacity 90568K, committed 90752K, reserved 1128448K
  class space    used 11499K, capacity 12353K, committed 12416K, reserved 1048576K
}
Event: 23.096 GC heap after
{Heap after GC invocations=19 (full 0):
 garbage-first heap   total 260096K, used 99210K [0x0000000080000000, 0x0000000100000000)
  region size 1024K, 9 young (9216K), 9 survivors (9216K)
 Metaspace       used 88249K, capacity 90568K, committed 90752K, reserved 1128448K
  class space    used 11499K, capacity 12353K, committed 12416K, reserved 1048576K
}

